<?xml version="1.0" encoding="UTF-8"?>
<!-- Generated by org.testng.reporters.JUnitReportReporter -->
<testsuite skipped="0" hostname="admin-PC" name="Idlidabba.ERP.Logout" tests="1" failures="0" timestamp="30 Mar 2019 07:30:05 GMT" time="1.310" errors="0">
  <testcase name="f" time="1.310" classname="Idlidabba.ERP.Logout"/>
</testsuite> <!-- Idlidabba.ERP.Logout -->
