<?xml version="1.0" encoding="UTF-8"?>
<!-- Generated by org.testng.reporters.JUnitReportReporter -->
<testsuite skipped="0" hostname="admin-PC" name="Idlidabba.ERP.MenuPlanner" tests="8" failures="0" timestamp="23 Apr 2019 12:17:42 GMT" time="86.404" errors="0">
  <testcase name="Valid_Login" time="9.941" classname="Idlidabba.ERP.MenuPlanner"/>
  <testcase name="Menu_Planner" time="8.607" classname="Idlidabba.ERP.MenuPlanner"/>
  <testcase name="Menu_planner_plan" time="16.099" classname="Idlidabba.ERP.MenuPlanner"/>
  <testcase name="Breakfast" time="16.128" classname="Idlidabba.ERP.MenuPlanner"/>
  <testcase name="menuplan_row2" time="9.771" classname="Idlidabba.ERP.MenuPlanner"/>
  <testcase name="menuplan_row3" time="8.262" classname="Idlidabba.ERP.MenuPlanner"/>
  <testcase name="Menu_plan_client" time="4.779" classname="Idlidabba.ERP.MenuPlanner"/>
  <testcase name="assignedClient" time="12.817" classname="Idlidabba.ERP.MenuPlanner"/>
</testsuite> <!-- Idlidabba.ERP.MenuPlanner -->
