<?xml version="1.0" encoding="UTF-8"?>
<!-- Generated by org.testng.reporters.JUnitReportReporter -->
<testsuite skipped="0" hostname="admin-PC" name="Idlidabba.ERP.VesselDispatch" tests="5" failures="0" timestamp="22 Apr 2019 13:12:33 GMT" time="33.837" errors="0">
  <testcase name="Valid_Login" time="7.277" classname="Idlidabba.ERP.VesselDispatch"/>
  <testcase name="splitqty" time="5.280" classname="Idlidabba.ERP.VesselDispatch"/>
  <testcase name="vessel_planing" time="4.208" classname="Idlidabba.ERP.VesselDispatch"/>
  <testcase name="master" time="5.579" classname="Idlidabba.ERP.VesselDispatch"/>
  <testcase name="vessel_dispatched" time="11.493" classname="Idlidabba.ERP.VesselDispatch"/>
</testsuite> <!-- Idlidabba.ERP.VesselDispatch -->
