<?xml version="1.0" encoding="UTF-8"?>
<!-- Generated by org.testng.reporters.JUnitReportReporter -->
<testsuite skipped="0" hostname="admin-PC" name="Idlidabba.ERP.Crm" tests="3" failures="0" timestamp="24 Apr 2019 13:36:49 GMT" time="21.123" errors="0">
  <testcase name="Valid_Login" time="7.717" classname="Idlidabba.ERP.Crm"/>
  <testcase name="crm_info" time="5.914" classname="Idlidabba.ERP.Crm"/>
  <testcase name="crm_info_view" time="7.492" classname="Idlidabba.ERP.Crm"/>
</testsuite> <!-- Idlidabba.ERP.Crm -->
