<?xml version="1.0" encoding="UTF-8"?>
<!-- Generated by org.testng.reporters.JUnitReportReporter -->
<testsuite skipped="0" hostname="admin-PC" name="Idlidabba.ERP.Login1" tests="2" failures="0" timestamp="30 Mar 2019 07:30:05 GMT" time="0.853" errors="0">
  <testcase name="testing" time="0.699" classname="Idlidabba.ERP.Login1"/>
  <testcase name="f" time="0.154" classname="Idlidabba.ERP.Login1"/>
</testsuite> <!-- Idlidabba.ERP.Login1 -->
