<?xml version="1.0" encoding="UTF-8"?>
<!-- Generated by org.testng.reporters.JUnitReportReporter -->
<testsuite skipped="0" hostname="admin-PC" name="Idlidabba.ERP.AssignedMenu" tests="3" failures="0" timestamp="23 Apr 2019 06:08:00 GMT" time="77.095" errors="0">
  <testcase name="Valid_Login" time="26.952" classname="Idlidabba.ERP.AssignedMenu"/>
  <testcase name="assinged" time="39.107" classname="Idlidabba.ERP.AssignedMenu"/>
  <testcase name="sidebar" time="11.036" classname="Idlidabba.ERP.AssignedMenu"/>
</testsuite> <!-- Idlidabba.ERP.AssignedMenu -->
