<?xml version="1.0" encoding="UTF-8"?>
<!-- Generated by org.testng.reporters.JUnitReportReporter -->
<testsuite skipped="0" hostname="admin-PC" name="Idlidabba.ERP.HabitosERP" tests="1" failures="0" timestamp="30 Mar 2019 07:40:19 GMT" time="2.096" errors="0">
  <testcase name="Browsermaxi" time="2.096" classname="Idlidabba.ERP.HabitosERP"/>
</testsuite> <!-- Idlidabba.ERP.HabitosERP -->
