<?xml version="1.0" encoding="UTF-8"?>
<!-- Generated by org.testng.reporters.JUnitReportReporter -->
<testsuite skipped="0" hostname="admin-PC" name="Idlidabba.ERP.Loginflow" tests="2" failures="0" timestamp="26 Mar 2019 09:48:13 GMT" time="9.468" errors="0">
  <testcase name="Valid_Login" time="5.918" classname="Idlidabba.ERP.Loginflow"/>
  <testcase name="Invalid_Login" time="3.550" classname="Idlidabba.ERP.Loginflow"/>
</testsuite> <!-- Idlidabba.ERP.Loginflow -->
