<?xml version="1.0" encoding="UTF-8"?>
<!-- Generated by org.testng.reporters.JUnitReportReporter -->
<testsuite skipped="0" hostname="admin-PC" name="Idlidabba.ERP.Login2" tests="3" failures="0" timestamp="30 Mar 2019 07:30:05 GMT" time="8.362" errors="0">
  <testcase name="f" time="0.025" classname="Idlidabba.ERP.Login2"/>
  <testcase name="Invalid_Login" time="2.216" classname="Idlidabba.ERP.Login2"/>
  <testcase name="Valid_Login" time="6.121" classname="Idlidabba.ERP.Login2"/>
</testsuite> <!-- Idlidabba.ERP.Login2 -->
