<?xml version="1.0" encoding="UTF-8"?>
<!-- Generated by org.testng.reporters.JUnitReportReporter -->
<testsuite skipped="0" hostname="admin-PC" name="Idlidabba.ERP.Department" tests="4" failures="0" timestamp="22 Apr 2019 11:20:12 GMT" time="25.492" errors="0">
  <testcase name="add_department_values" time="2.144" classname="Idlidabba.ERP.Department"/>
  <testcase name="add_department" time="8.041" classname="Idlidabba.ERP.Department"/>
  <testcase name="Valid_Login" time="7.867" classname="Idlidabba.ERP.Department"/>
  <testcase name="Departments" time="7.440" classname="Idlidabba.ERP.Department"/>
</testsuite> <!-- Idlidabba.ERP.Department -->
