<?xml version="1.0" encoding="UTF-8"?>
<!-- Generated by org.testng.reporters.JUnitReportReporter -->
<testsuite skipped="0" hostname="admin-PC" name="Idlidabba.ERP.Docket" tests="1" failures="0" timestamp="9 Apr 2019 07:08:48 GMT" time="51.363" errors="0">
  <testcase name="login" time="51.363" classname="Idlidabba.ERP.Docket"/>
</testsuite> <!-- Idlidabba.ERP.Docket -->
